2022-12-14 17:21:53.560 - WARN  [           main] o.s.b.StartupInfoLogger        : InetAddress.getLocalHost().getHostName() took 5002 milliseconds to respond. Please verify your network configuration (macOS machines may need to add entries to /etc/hosts).
2022-12-14 17:21:58.580 - INFO  [           main] o.s.b.StartupInfoLogger        : Starting LostFoundApplication on zerofacedeMacBook-Pro.local with PID 55749 (/Users/zeroface/Documents/Java/code/lost-found/target/classes started by zeroface in /Users/zeroface/Documents/Java/code/lost-found)
2022-12-14 17:21:58.581 - INFO  [           main] o.s.b.SpringApplication        : The following profiles are active: dev
2022-12-14 17:22:00.313 - INFO  [           main] epositoryConfigurationDelegate : Multiple Spring Data modules found, entering strict repository configuration mode!
2022-12-14 17:22:00.320 - INFO  [           main] epositoryConfigurationDelegate : Bootstrapping Spring Data repositories in DEFAULT mode.
2022-12-14 17:22:00.386 - INFO  [           main] epositoryConfigurationDelegate : Finished Spring Data repository scanning in 43ms. Found 0 repository interfaces.
2022-12-14 17:22:00.924 - INFO  [           main] egate$BeanPostProcessorChecker : Bean 'org.springframework.transaction.annotation.ProxyTransactionManagementConfiguration' of type [org.springframework.transaction.annotation.ProxyTransactionManagementConfiguration] is not eligible for getting processed by all BeanPostProcessors (for example: not eligible for auto-proxying)
2022-12-14 17:22:01.552 - INFO  [           main] o.s.b.w.e.t.TomcatWebServer    : Tomcat initialized with port(s): 8888 (http)
2022-12-14 17:22:01.564 - INFO  [           main] o.a.j.l.DirectJDKLog           : Initializing ProtocolHandler ["http-nio-8888"]
2022-12-14 17:22:01.565 - INFO  [           main] o.a.j.l.DirectJDKLog           : Starting service [Tomcat]
2022-12-14 17:22:01.566 - INFO  [           main] o.a.j.l.DirectJDKLog           : Starting Servlet engine: [Apache Tomcat/9.0.27]
2022-12-14 17:22:01.682 - INFO  [           main] o.a.j.l.DirectJDKLog           : Initializing Spring embedded WebApplicationContext
2022-12-14 17:22:01.683 - INFO  [           main] letWebServerApplicationContext : Root WebApplicationContext: initialization completed in 3026 ms
2022-12-14 17:22:01.724 - WARN  [           main] .i.AbstractSecurityInterceptor : Could not validate configuration attributes as the SecurityMetadataSource did not return any attributes from getAllConfigAttributes()
2022-12-14 17:22:02.704 - INFO  [           main] a.DruidDataSourceAutoConfigure : Init DruidDataSource
2022-12-14 17:22:02.846 - INFO  [           main] c.a.d.p.DruidDataSource        : {dataSource-1} inited
2022-12-14 17:22:25.741 - INFO  [           main] s.w.DefaultSecurityFilterChain : Creating filter chain: any request, [org.springframework.security.web.context.request.async.WebAsyncManagerIntegrationFilter@6f8ac8d5, org.springframework.security.web.context.SecurityContextPersistenceFilter@6caeba36, org.springframework.security.web.header.HeaderWriterFilter@3b3546a3, org.springframework.web.filter.CorsFilter@3ebc955b, org.springframework.security.web.authentication.logout.LogoutFilter@1846ad0f, com.example.lostfound.validate.smscode.SmsFilter@616a06e3, com.example.lostfound.validate.code.ValidateImageCodeFilter@552fee7a, org.springframework.security.web.authentication.UsernamePasswordAuthenticationFilter@31006a75, com.example.lostfound.validate.smscode.SmsAuthenticationFilter@370225c7, org.springframework.security.web.session.ConcurrentSessionFilter@608b35fa, org.springframework.security.web.savedrequest.RequestCacheAwareFilter@4bbc21bd, org.springframework.security.web.servletapi.SecurityContextHolderAwareRequestFilter@1d55dd21, org.springframework.security.web.authentication.AnonymousAuthenticationFilter@6ac756b, org.springframework.security.web.session.SessionManagementFilter@3d235635, org.springframework.security.web.access.ExceptionTranslationFilter@17354708, org.springframework.security.web.access.intercept.FilterSecurityInterceptor@4ad1a276]
2022-12-14 17:22:25.771 - INFO  [           main] edRequestMappingHandlerMapping : Mapped URL path [/v2/api-docs] onto method [springfox.documentation.swagger2.web.Swagger2ControllerWebMvc#getDocumentation(String, HttpServletRequest)]
2022-12-14 17:22:25.940 - INFO  [           main] c.ExecutorConfigurationSupport : Initializing ExecutorService 'applicationTaskExecutor'
2022-12-14 17:22:36.329 -ERROR  [           main] c.a.p.c.c.RetryTemplate        : 执行失败，重试中....
2022-12-14 17:22:36.342 -ERROR  [           main] c.a.p.c.c.RetryTemplate        : 执行失败，重试中....
2022-12-14 17:22:36.354 -ERROR  [           main] c.a.p.c.c.RetryTemplate        : 执行失败，重试中....
2022-12-14 17:22:36.367 -ERROR  [           main] c.a.p.c.c.RetryTemplate        : 错误，请联系管理员～
2022-12-14 17:22:38.378 - INFO  [           main] c.ExecutorConfigurationSupport : Initializing ExecutorService 'taskScheduler'
2022-12-14 17:22:38.646 - INFO  [           main] cumentationPluginsBootstrapper : Documentation plugins bootstrapped
2022-12-14 17:22:38.651 - INFO  [           main] cumentationPluginsBootstrapper : Found 1 custom documentation plugin(s)
2022-12-14 17:22:38.859 - INFO  [           main] w.s.ApiListingReferenceScanner : Scanning for api listing references
2022-12-14 17:22:40.366 - INFO  [           main] .CachingOperationNameGenerator : Generating unique operation named: getUserInfoUsingGET_1
2022-12-14 17:22:40.558 - INFO  [           main] o.a.j.l.DirectJDKLog           : Starting ProtocolHandler ["http-nio-8888"]
2022-12-14 17:22:40.684 - INFO  [           main] o.s.b.w.e.t.TomcatWebServer    : Tomcat started on port(s): 8888 (http) with context path ''
2022-12-14 17:22:40.692 - INFO  [           main] o.s.b.StartupInfoLogger        : Started LostFoundApplication in 68.68 seconds (JVM running for 86.304)
2022-12-14 17:22:50.569 -ERROR  [   scheduling-1] c.a.p.c.c.RetryTemplate        : 执行失败，重试中....
2022-12-14 17:22:50.570 -ERROR  [   scheduling-1] c.a.p.c.c.RetryTemplate        : 执行失败，重试中....
2022-12-14 17:22:50.571 -ERROR  [   scheduling-1] c.a.p.c.c.RetryTemplate        : 执行失败，重试中....
2022-12-14 17:22:50.572 -ERROR  [   scheduling-1] c.a.p.c.c.RetryTemplate        : 错误，请联系管理员～
2022-12-14 17:23:10.584 -ERROR  [   scheduling-1] c.a.p.c.c.RetryTemplate        : 执行失败，重试中....
2022-12-14 17:23:10.585 -ERROR  [   scheduling-1] c.a.p.c.c.RetryTemplate        : 执行失败，重试中....
2022-12-14 17:23:10.586 -ERROR  [   scheduling-1] c.a.p.c.c.RetryTemplate        : 执行失败，重试中....
2022-12-14 17:23:10.587 -ERROR  [   scheduling-1] c.a.p.c.c.RetryTemplate        : 错误，请联系管理员～
2022-12-14 17:23:30.594 -ERROR  [   scheduling-1] c.a.p.c.c.RetryTemplate        : 执行失败，重试中....
2022-12-14 17:23:30.597 -ERROR  [   scheduling-1] c.a.p.c.c.RetryTemplate        : 执行失败，重试中....
2022-12-14 17:23:30.598 -ERROR  [   scheduling-1] c.a.p.c.c.RetryTemplate        : 执行失败，重试中....
2022-12-14 17:23:30.600 -ERROR  [   scheduling-1] c.a.p.c.c.RetryTemplate        : 错误，请联系管理员～
2022-12-14 17:23:50.615 -ERROR  [   scheduling-1] c.a.p.c.c.RetryTemplate        : 执行失败，重试中....
2022-12-14 17:23:50.616 -ERROR  [   scheduling-1] c.a.p.c.c.RetryTemplate        : 执行失败，重试中....
2022-12-14 17:23:50.618 -ERROR  [   scheduling-1] c.a.p.c.c.RetryTemplate        : 执行失败，重试中....
2022-12-14 17:23:50.619 -ERROR  [   scheduling-1] c.a.p.c.c.RetryTemplate        : 错误，请联系管理员～
2022-12-14 17:24:10.629 -ERROR  [   scheduling-1] c.a.p.c.c.RetryTemplate        : 执行失败，重试中....
2022-12-14 17:24:10.630 -ERROR  [   scheduling-1] c.a.p.c.c.RetryTemplate        : 执行失败，重试中....
2022-12-14 17:24:10.631 -ERROR  [   scheduling-1] c.a.p.c.c.RetryTemplate        : 执行失败，重试中....
2022-12-14 17:24:10.632 -ERROR  [   scheduling-1] c.a.p.c.c.RetryTemplate        : 错误，请联系管理员～
2022-12-14 17:24:30.645 -ERROR  [   scheduling-1] c.a.p.c.c.RetryTemplate        : 执行失败，重试中....
2022-12-14 17:24:30.647 -ERROR  [   scheduling-1] c.a.p.c.c.RetryTemplate        : 执行失败，重试中....
2022-12-14 17:24:30.649 -ERROR  [   scheduling-1] c.a.p.c.c.RetryTemplate        : 执行失败，重试中....
2022-12-14 17:24:30.649 -ERROR  [   scheduling-1] c.a.p.c.c.RetryTemplate        : 错误，请联系管理员～
2022-12-14 17:24:50.656 -ERROR  [   scheduling-1] c.a.p.c.c.RetryTemplate        : 执行失败，重试中....
2022-12-14 17:24:50.658 -ERROR  [   scheduling-1] c.a.p.c.c.RetryTemplate        : 执行失败，重试中....
2022-12-14 17:24:50.659 -ERROR  [   scheduling-1] c.a.p.c.c.RetryTemplate        : 执行失败，重试中....
2022-12-14 17:24:50.659 -ERROR  [   scheduling-1] c.a.p.c.c.RetryTemplate        : 错误，请联系管理员～
2022-12-14 17:25:10.669 -ERROR  [   scheduling-1] c.a.p.c.c.RetryTemplate        : 执行失败，重试中....
2022-12-14 17:25:10.671 -ERROR  [   scheduling-1] c.a.p.c.c.RetryTemplate        : 执行失败，重试中....
2022-12-14 17:25:10.672 -ERROR  [   scheduling-1] c.a.p.c.c.RetryTemplate        : 执行失败，重试中....
2022-12-14 17:25:10.673 -ERROR  [   scheduling-1] c.a.p.c.c.RetryTemplate        : 错误，请联系管理员～
2022-12-14 17:25:30.683 -ERROR  [   scheduling-1] c.a.p.c.c.RetryTemplate        : 执行失败，重试中....
2022-12-14 17:25:30.695 -ERROR  [   scheduling-1] c.a.p.c.c.RetryTemplate        : 执行失败，重试中....
2022-12-14 17:25:30.706 -ERROR  [   scheduling-1] c.a.p.c.c.RetryTemplate        : 执行失败，重试中....
2022-12-14 17:25:30.717 -ERROR  [   scheduling-1] c.a.p.c.c.RetryTemplate        : 错误，请联系管理员～
2022-12-14 17:25:50.726 -ERROR  [   scheduling-1] c.a.p.c.c.RetryTemplate        : 执行失败，重试中....
2022-12-14 17:25:50.737 -ERROR  [   scheduling-1] c.a.p.c.c.RetryTemplate        : 执行失败，重试中....
2022-12-14 17:25:50.749 -ERROR  [   scheduling-1] c.a.p.c.c.RetryTemplate        : 执行失败，重试中....
2022-12-14 17:25:50.759 -ERROR  [   scheduling-1] c.a.p.c.c.RetryTemplate        : 错误，请联系管理员～
2022-12-14 17:26:10.769 -ERROR  [   scheduling-1] c.a.p.c.c.RetryTemplate        : 执行失败，重试中....
2022-12-14 17:26:10.776 -ERROR  [   scheduling-1] c.a.p.c.c.RetryTemplate        : 执行失败，重试中....
2022-12-14 17:26:10.783 -ERROR  [   scheduling-1] c.a.p.c.c.RetryTemplate        : 执行失败，重试中....
2022-12-14 17:26:10.786 -ERROR  [   scheduling-1] c.a.p.c.c.RetryTemplate        : 错误，请联系管理员～
2022-12-14 17:26:30.797 -ERROR  [   scheduling-1] c.a.p.c.c.RetryTemplate        : 执行失败，重试中....
2022-12-14 17:26:30.799 -ERROR  [   scheduling-1] c.a.p.c.c.RetryTemplate        : 执行失败，重试中....
2022-12-14 17:26:30.799 -ERROR  [   scheduling-1] c.a.p.c.c.RetryTemplate        : 执行失败，重试中....
2022-12-14 17:26:30.800 -ERROR  [   scheduling-1] c.a.p.c.c.RetryTemplate        : 错误，请联系管理员～
2022-12-14 17:26:45.791 -ERROR  [   scheduling-1] c.a.p.c.c.RetryTemplate        : 执行失败，重试中....
2022-12-14 17:26:45.803 -ERROR  [   scheduling-1] c.a.p.c.c.RetryTemplate        : 执行失败，重试中....
2022-12-14 17:26:45.814 -ERROR  [   scheduling-1] c.a.p.c.c.RetryTemplate        : 执行失败，重试中....
2022-12-14 17:26:45.825 -ERROR  [   scheduling-1] c.a.p.c.c.RetryTemplate        : 错误，请联系管理员～
2022-12-14 17:27:00.821 -ERROR  [   scheduling-1] c.a.p.c.c.RetryTemplate        : 执行失败，重试中....
2022-12-14 17:27:00.823 -ERROR  [   scheduling-1] c.a.p.c.c.RetryTemplate        : 执行失败，重试中....
2022-12-14 17:27:00.824 -ERROR  [   scheduling-1] c.a.p.c.c.RetryTemplate        : 执行失败，重试中....
2022-12-14 17:27:00.826 -ERROR  [   scheduling-1] c.a.p.c.c.RetryTemplate        : 错误，请联系管理员～
2022-12-14 17:27:20.833 -ERROR  [   scheduling-1] c.a.p.c.c.RetryTemplate        : 执行失败，重试中....
2022-12-14 17:27:20.836 -ERROR  [   scheduling-1] c.a.p.c.c.RetryTemplate        : 执行失败，重试中....
2022-12-14 17:27:20.837 -ERROR  [   scheduling-1] c.a.p.c.c.RetryTemplate        : 执行失败，重试中....
2022-12-14 17:27:20.837 -ERROR  [   scheduling-1] c.a.p.c.c.RetryTemplate        : 错误，请联系管理员～
2022-12-14 17:27:40.847 -ERROR  [   scheduling-1] c.a.p.c.c.RetryTemplate        : 执行失败，重试中....
2022-12-14 17:27:40.849 -ERROR  [   scheduling-1] c.a.p.c.c.RetryTemplate        : 执行失败，重试中....
2022-12-14 17:27:40.850 -ERROR  [   scheduling-1] c.a.p.c.c.RetryTemplate        : 执行失败，重试中....
2022-12-14 17:27:40.854 -ERROR  [   scheduling-1] c.a.p.c.c.RetryTemplate        : 错误，请联系管理员～
2022-12-14 17:28:00.878 -ERROR  [   scheduling-1] c.a.p.c.c.RetryTemplate        : 执行失败，重试中....
2022-12-14 17:28:00.880 -ERROR  [   scheduling-1] c.a.p.c.c.RetryTemplate        : 执行失败，重试中....
2022-12-14 17:28:00.882 -ERROR  [   scheduling-1] c.a.p.c.c.RetryTemplate        : 执行失败，重试中....
2022-12-14 17:28:00.883 -ERROR  [   scheduling-1] c.a.p.c.c.RetryTemplate        : 错误，请联系管理员～
2022-12-14 17:28:20.894 -ERROR  [   scheduling-1] c.a.p.c.c.RetryTemplate        : 执行失败，重试中....
2022-12-14 17:28:20.907 -ERROR  [   scheduling-1] c.a.p.c.c.RetryTemplate        : 执行失败，重试中....
2022-12-14 17:28:20.919 -ERROR  [   scheduling-1] c.a.p.c.c.RetryTemplate        : 执行失败，重试中....
2022-12-14 17:28:20.921 -ERROR  [   scheduling-1] c.a.p.c.c.RetryTemplate        : 错误，请联系管理员～
2022-12-14 17:28:40.929 -ERROR  [   scheduling-1] c.a.p.c.c.RetryTemplate        : 执行失败，重试中....
2022-12-14 17:28:40.933 -ERROR  [   scheduling-1] c.a.p.c.c.RetryTemplate        : 执行失败，重试中....
2022-12-14 17:28:40.935 -ERROR  [   scheduling-1] c.a.p.c.c.RetryTemplate        : 执行失败，重试中....
2022-12-14 17:28:40.936 -ERROR  [   scheduling-1] c.a.p.c.c.RetryTemplate        : 错误，请联系管理员～
2022-12-14 17:29:00.945 -ERROR  [   scheduling-1] c.a.p.c.c.RetryTemplate        : 执行失败，重试中....
2022-12-14 17:29:00.946 -ERROR  [   scheduling-1] c.a.p.c.c.RetryTemplate        : 执行失败，重试中....
2022-12-14 17:29:00.947 -ERROR  [   scheduling-1] c.a.p.c.c.RetryTemplate        : 执行失败，重试中....
2022-12-14 17:29:00.947 -ERROR  [   scheduling-1] c.a.p.c.c.RetryTemplate        : 错误，请联系管理员～
2022-12-14 17:29:20.957 -ERROR  [   scheduling-1] c.a.p.c.c.RetryTemplate        : 执行失败，重试中....
2022-12-14 17:29:20.959 -ERROR  [   scheduling-1] c.a.p.c.c.RetryTemplate        : 执行失败，重试中....
2022-12-14 17:29:20.960 -ERROR  [   scheduling-1] c.a.p.c.c.RetryTemplate        : 执行失败，重试中....
2022-12-14 17:29:20.960 -ERROR  [   scheduling-1] c.a.p.c.c.RetryTemplate        : 错误，请联系管理员～
2022-12-14 17:29:40.970 -ERROR  [   scheduling-1] c.a.p.c.c.RetryTemplate        : 执行失败，重试中....
2022-12-14 17:29:40.971 -ERROR  [   scheduling-1] c.a.p.c.c.RetryTemplate        : 执行失败，重试中....
2022-12-14 17:29:40.972 -ERROR  [   scheduling-1] c.a.p.c.c.RetryTemplate        : 执行失败，重试中....
2022-12-14 17:29:40.972 -ERROR  [   scheduling-1] c.a.p.c.c.RetryTemplate        : 错误，请联系管理员～
2022-12-14 17:30:00.981 -ERROR  [   scheduling-1] c.a.p.c.c.RetryTemplate        : 执行失败，重试中....
2022-12-14 17:30:00.982 -ERROR  [   scheduling-1] c.a.p.c.c.RetryTemplate        : 执行失败，重试中....
2022-12-14 17:30:00.983 -ERROR  [   scheduling-1] c.a.p.c.c.RetryTemplate        : 执行失败，重试中....
2022-12-14 17:30:00.983 -ERROR  [   scheduling-1] c.a.p.c.c.RetryTemplate        : 错误，请联系管理员～
2022-12-14 17:30:20.992 -ERROR  [   scheduling-1] c.a.p.c.c.RetryTemplate        : 执行失败，重试中....
2022-12-14 17:30:20.993 -ERROR  [   scheduling-1] c.a.p.c.c.RetryTemplate        : 执行失败，重试中....
2022-12-14 17:30:20.995 -ERROR  [   scheduling-1] c.a.p.c.c.RetryTemplate        : 执行失败，重试中....
2022-12-14 17:30:20.996 -ERROR  [   scheduling-1] c.a.p.c.c.RetryTemplate        : 错误，请联系管理员～
2022-12-14 17:30:40.998 -ERROR  [   scheduling-1] c.a.p.c.c.RetryTemplate        : 执行失败，重试中....
2022-12-14 17:30:40.999 -ERROR  [   scheduling-1] c.a.p.c.c.RetryTemplate        : 执行失败，重试中....
2022-12-14 17:30:41.000 -ERROR  [   scheduling-1] c.a.p.c.c.RetryTemplate        : 执行失败，重试中....
2022-12-14 17:30:41.000 -ERROR  [   scheduling-1] c.a.p.c.c.RetryTemplate        : 错误，请联系管理员～
2022-12-14 17:31:01.007 -ERROR  [   scheduling-1] c.a.p.c.c.RetryTemplate        : 执行失败，重试中....
2022-12-14 17:31:01.008 -ERROR  [   scheduling-1] c.a.p.c.c.RetryTemplate        : 执行失败，重试中....
2022-12-14 17:31:01.010 -ERROR  [   scheduling-1] c.a.p.c.c.RetryTemplate        : 执行失败，重试中....
2022-12-14 17:31:01.010 -ERROR  [   scheduling-1] c.a.p.c.c.RetryTemplate        : 错误，请联系管理员～
2022-12-14 17:31:21.172 -ERROR  [   scheduling-1] c.a.p.c.c.RetryTemplate        : 执行失败，重试中....
2022-12-14 17:31:21.188 -ERROR  [   scheduling-1] c.a.p.c.c.RetryTemplate        : 执行失败，重试中....
2022-12-14 17:31:21.201 -ERROR  [   scheduling-1] c.a.p.c.c.RetryTemplate        : 执行失败，重试中....
2022-12-14 17:31:21.202 -ERROR  [   scheduling-1] c.a.p.c.c.RetryTemplate        : 错误，请联系管理员～
2022-12-14 17:31:36.205 -ERROR  [   scheduling-1] c.a.p.c.c.RetryTemplate        : 执行失败，重试中....
2022-12-14 17:31:36.209 -ERROR  [   scheduling-1] c.a.p.c.c.RetryTemplate        : 执行失败，重试中....
2022-12-14 17:31:36.212 -ERROR  [   scheduling-1] c.a.p.c.c.RetryTemplate        : 执行失败，重试中....
2022-12-14 17:31:36.212 -ERROR  [   scheduling-1] c.a.p.c.c.RetryTemplate        : 错误，请联系管理员～
2022-12-14 17:31:56.219 -ERROR  [   scheduling-1] c.a.p.c.c.RetryTemplate        : 执行失败，重试中....
2022-12-14 17:31:56.221 -ERROR  [   scheduling-1] c.a.p.c.c.RetryTemplate        : 执行失败，重试中....
2022-12-14 17:31:56.223 -ERROR  [   scheduling-1] c.a.p.c.c.RetryTemplate        : 执行失败，重试中....
2022-12-14 17:31:56.225 -ERROR  [   scheduling-1] c.a.p.c.c.RetryTemplate        : 错误，请联系管理员～
2022-12-14 17:32:16.244 -ERROR  [   scheduling-1] c.a.p.c.c.RetryTemplate        : 执行失败，重试中....
2022-12-14 17:32:16.246 -ERROR  [   scheduling-1] c.a.p.c.c.RetryTemplate        : 执行失败，重试中....
2022-12-14 17:32:16.248 -ERROR  [   scheduling-1] c.a.p.c.c.RetryTemplate        : 执行失败，重试中....
2022-12-14 17:32:16.248 -ERROR  [   scheduling-1] c.a.p.c.c.RetryTemplate        : 错误，请联系管理员～
2022-12-14 17:32:36.260 -ERROR  [   scheduling-1] c.a.p.c.c.RetryTemplate        : 执行失败，重试中....
2022-12-14 17:32:36.262 -ERROR  [   scheduling-1] c.a.p.c.c.RetryTemplate        : 执行失败，重试中....
2022-12-14 17:32:36.264 -ERROR  [   scheduling-1] c.a.p.c.c.RetryTemplate        : 执行失败，重试中....
2022-12-14 17:32:36.264 -ERROR  [   scheduling-1] c.a.p.c.c.RetryTemplate        : 错误，请联系管理员～
2022-12-14 17:32:56.275 -ERROR  [   scheduling-1] c.a.p.c.c.RetryTemplate        : 执行失败，重试中....
2022-12-14 17:32:56.276 -ERROR  [   scheduling-1] c.a.p.c.c.RetryTemplate        : 执行失败，重试中....
2022-12-14 17:32:56.277 -ERROR  [   scheduling-1] c.a.p.c.c.RetryTemplate        : 执行失败，重试中....
2022-12-14 17:32:56.277 -ERROR  [   scheduling-1] c.a.p.c.c.RetryTemplate        : 错误，请联系管理员～
2022-12-14 17:33:16.283 -ERROR  [   scheduling-1] c.a.p.c.c.RetryTemplate        : 执行失败，重试中....
2022-12-14 17:33:16.285 -ERROR  [   scheduling-1] c.a.p.c.c.RetryTemplate        : 执行失败，重试中....
2022-12-14 17:33:16.285 -ERROR  [   scheduling-1] c.a.p.c.c.RetryTemplate        : 执行失败，重试中....
2022-12-14 17:33:16.286 -ERROR  [   scheduling-1] c.a.p.c.c.RetryTemplate        : 错误，请联系管理员～
2022-12-14 17:33:36.299 -ERROR  [   scheduling-1] c.a.p.c.c.RetryTemplate        : 执行失败，重试中....
2022-12-14 17:33:36.300 -ERROR  [   scheduling-1] c.a.p.c.c.RetryTemplate        : 执行失败，重试中....
2022-12-14 17:33:36.301 -ERROR  [   scheduling-1] c.a.p.c.c.RetryTemplate        : 执行失败，重试中....
2022-12-14 17:33:36.301 -ERROR  [   scheduling-1] c.a.p.c.c.RetryTemplate        : 错误，请联系管理员～
2022-12-14 17:33:56.325 -ERROR  [   scheduling-1] c.a.p.c.c.RetryTemplate        : 执行失败，重试中....
2022-12-14 17:33:56.326 -ERROR  [   scheduling-1] c.a.p.c.c.RetryTemplate        : 执行失败，重试中....
2022-12-14 17:33:56.328 -ERROR  [   scheduling-1] c.a.p.c.c.RetryTemplate        : 执行失败，重试中....
2022-12-14 17:33:56.328 -ERROR  [   scheduling-1] c.a.p.c.c.RetryTemplate        : 错误，请联系管理员～
2022-12-14 17:34:16.344 -ERROR  [   scheduling-1] c.a.p.c.c.RetryTemplate        : 执行失败，重试中....
2022-12-14 17:34:16.345 -ERROR  [   scheduling-1] c.a.p.c.c.RetryTemplate        : 执行失败，重试中....
2022-12-14 17:34:16.346 -ERROR  [   scheduling-1] c.a.p.c.c.RetryTemplate        : 执行失败，重试中....
2022-12-14 17:34:16.346 -ERROR  [   scheduling-1] c.a.p.c.c.RetryTemplate        : 错误，请联系管理员～
2022-12-14 17:34:36.356 -ERROR  [   scheduling-1] c.a.p.c.c.RetryTemplate        : 执行失败，重试中....
2022-12-14 17:34:36.357 -ERROR  [   scheduling-1] c.a.p.c.c.RetryTemplate        : 执行失败，重试中....
2022-12-14 17:34:36.358 -ERROR  [   scheduling-1] c.a.p.c.c.RetryTemplate        : 执行失败，重试中....
2022-12-14 17:34:36.358 -ERROR  [   scheduling-1] c.a.p.c.c.RetryTemplate        : 错误，请联系管理员～
2022-12-14 17:34:56.362 -ERROR  [   scheduling-1] c.a.p.c.c.RetryTemplate        : 执行失败，重试中....
2022-12-14 17:34:56.364 -ERROR  [   scheduling-1] c.a.p.c.c.RetryTemplate        : 执行失败，重试中....
2022-12-14 17:34:56.365 -ERROR  [   scheduling-1] c.a.p.c.c.RetryTemplate        : 执行失败，重试中....
2022-12-14 17:34:56.365 -ERROR  [   scheduling-1] c.a.p.c.c.RetryTemplate        : 错误，请联系管理员～
2022-12-14 17:35:16.385 -ERROR  [   scheduling-1] c.a.p.c.c.RetryTemplate        : 执行失败，重试中....
2022-12-14 17:35:16.388 -ERROR  [   scheduling-1] c.a.p.c.c.RetryTemplate        : 执行失败，重试中....
2022-12-14 17:35:16.391 -ERROR  [   scheduling-1] c.a.p.c.c.RetryTemplate        : 执行失败，重试中....
2022-12-14 17:35:16.391 -ERROR  [   scheduling-1] c.a.p.c.c.RetryTemplate        : 错误，请联系管理员～
2022-12-14 17:35:36.399 -ERROR  [   scheduling-1] c.a.p.c.c.RetryTemplate        : 执行失败，重试中....
2022-12-14 17:35:36.400 -ERROR  [   scheduling-1] c.a.p.c.c.RetryTemplate        : 执行失败，重试中....
2022-12-14 17:35:36.402 -ERROR  [   scheduling-1] c.a.p.c.c.RetryTemplate        : 执行失败，重试中....
2022-12-14 17:35:36.402 -ERROR  [   scheduling-1] c.a.p.c.c.RetryTemplate        : 错误，请联系管理员～
2022-12-14 17:35:56.410 -ERROR  [   scheduling-1] c.a.p.c.c.RetryTemplate        : 执行失败，重试中....
2022-12-14 17:35:56.419 -ERROR  [   scheduling-1] c.a.p.c.c.RetryTemplate        : 执行失败，重试中....
2022-12-14 17:35:56.421 -ERROR  [   scheduling-1] c.a.p.c.c.RetryTemplate        : 执行失败，重试中....
2022-12-14 17:35:56.421 -ERROR  [   scheduling-1] c.a.p.c.c.RetryTemplate        : 错误，请联系管理员～
2022-12-14 17:36:16.429 -ERROR  [   scheduling-1] c.a.p.c.c.RetryTemplate        : 执行失败，重试中....
2022-12-14 17:36:16.431 -ERROR  [   scheduling-1] c.a.p.c.c.RetryTemplate        : 执行失败，重试中....
2022-12-14 17:36:16.433 -ERROR  [   scheduling-1] c.a.p.c.c.RetryTemplate        : 执行失败，重试中....
2022-12-14 17:36:16.433 -ERROR  [   scheduling-1] c.a.p.c.c.RetryTemplate        : 错误，请联系管理员～
2022-12-14 17:36:36.466 -ERROR  [   scheduling-1] c.a.p.c.c.RetryTemplate        : 执行失败，重试中....
2022-12-14 17:36:36.468 -ERROR  [   scheduling-1] c.a.p.c.c.RetryTemplate        : 执行失败，重试中....
2022-12-14 17:36:36.474 -ERROR  [   scheduling-1] c.a.p.c.c.RetryTemplate        : 执行失败，重试中....
2022-12-14 17:36:36.476 -ERROR  [   scheduling-1] c.a.p.c.c.RetryTemplate        : 错误，请联系管理员～
2022-12-14 17:36:56.485 -ERROR  [   scheduling-1] c.a.p.c.c.RetryTemplate        : 执行失败，重试中....
2022-12-14 17:36:56.498 -ERROR  [   scheduling-1] c.a.p.c.c.RetryTemplate        : 执行失败，重试中....
2022-12-14 17:36:56.513 -ERROR  [   scheduling-1] c.a.p.c.c.RetryTemplate        : 执行失败，重试中....
2022-12-14 17:36:56.525 -ERROR  [   scheduling-1] c.a.p.c.c.RetryTemplate        : 错误，请联系管理员～
2022-12-14 17:37:16.540 -ERROR  [   scheduling-1] c.a.p.c.c.RetryTemplate        : 执行失败，重试中....
2022-12-14 17:37:16.552 -ERROR  [   scheduling-1] c.a.p.c.c.RetryTemplate        : 执行失败，重试中....
2022-12-14 17:37:16.553 -ERROR  [   scheduling-1] c.a.p.c.c.RetryTemplate        : 执行失败，重试中....
2022-12-14 17:37:16.553 -ERROR  [   scheduling-1] c.a.p.c.c.RetryTemplate        : 错误，请联系管理员～
2022-12-14 17:37:36.485 - INFO  [extShutdownHook] c.ExecutorConfigurationSupport : Shutting down ExecutorService 'taskScheduler'
2022-12-14 17:37:36.500 - INFO  [extShutdownHook] c.ExecutorConfigurationSupport : Shutting down ExecutorService 'applicationTaskExecutor'
2022-12-14 17:37:36.531 - INFO  [extShutdownHook] c.a.d.p.DruidDataSource        : {dataSource-1} closing ...
2022-12-14 17:37:36.559 - INFO  [extShutdownHook] c.a.d.p.DruidDataSource        : {dataSource-1} closed
2022-12-14 17:37:36.563 -ERROR  [   scheduling-1] c.a.p.c.c.RetryTemplate        : 执行失败，重试中....
